<?xml version="1.0" encoding="utf-8"?><testsuites name="pytest tests"><testsuite name="pytest" errors="0" failures="0" skipped="0" tests="12" time="4.600" timestamp="2026-08-24T18:37:40.920579+00:00" hostname="agent-env-30d82a8a-0aac-41b0-90a4-34d677af236e"><testcase classname="backend.tests.test_comp_and_tables.TestTableTypes" name="test_create_artist_table" time="0.665" /><testcase classname="backend.tests.test_comp_and_tables.TestTableTypes" name="test_create_default_regular_table" time="0.185" /><testcase classname="backend.tests.test_comp_and_tables.TestTableTypes" name="test_cleanup_tables" time="0.293" /><testcase classname="backend.tests.test_comp_and_tables.TestOrderComp" name="test_setup_create_order" time="0.820" /><testcase classname="backend.tests.test_comp_and_tables.TestOrderComp" name="test_waiter_cannot_comp" time="0.133" /><testcase classname="backend.tests.test_comp_and_tables.TestOrderComp" name="test_cashier_can_comp" time="1.333" /><testcase classname="backend.tests.test_comp_and_tables.TestOrderComp" name="test_comp_requires_reason" time="0.291" /><testcase classname="backend.tests.test_comp_and_tables.TestOrderComp" name="test_cleanup" time="0.300" /><testcase classname="backend.tests.test_comp_and_tables.TestSalesReports" name="test_sales_by_table_admin" time="0.139" /><testcase classname="backend.tests.test_comp_and_tables.TestSalesReports" name="test_sales_by_table_cashier" time="0.121" /><testcase classname="backend.tests.test_comp_and_tables.TestSalesReports" name="test_sales_by_table_waiter_forbidden" time="0.135" /><testcase classname="backend.tests.test_comp_and_tables.TestSalesReports" name="test_sales_endpoint_exists" time="0.118" /></testsuite></testsuites>