<?xml version="1.0" encoding="utf-8"?><testsuites name="pytest tests"><testsuite name="pytest" errors="0" failures="1" skipped="0" tests="11" time="9.190" timestamp="2026-08-29T01:38:13.881897+00:00" hostname="agent-env-30d82a8a-0aac-41b0-90a4-34d677af236e"><testcase classname="backend.tests.test_iter5_stock_and_cancel" name="test_stock_deducted_on_delivered" time="2.727" /><testcase classname="backend.tests.test_iter5_stock_and_cancel" name="test_stock_deducted_on_close_without_delivered" time="0.824" /><testcase classname="backend.tests.test_iter5_stock_and_cancel" name="test_close_idempotent" time="0.851" /><testcase classname="backend.tests.test_iter5_stock_and_cancel" name="test_cancel_missing_admin_creds" time="0.732" /><testcase classname="backend.tests.test_iter5_stock_and_cancel" name="test_cancel_wrong_admin_password" time="0.993" /><testcase classname="backend.tests.test_iter5_stock_and_cancel" name="test_cancel_success" time="0.888" /><testcase classname="backend.tests.test_iter5_stock_and_cancel" name="test_item_courtesy_recalculates" time="0.707" /><testcase classname="backend.tests.test_iter5_stock_and_cancel" name="test_regression_login[creds0]" time="0.384" /><testcase classname="backend.tests.test_iter5_stock_and_cancel" name="test_regression_login[creds1]" time="0.334" /><testcase classname="backend.tests.test_iter5_stock_and_cancel" name="test_regression_login[creds2]" time="0.352" /><testcase classname="backend.tests.test_iter5_stock_and_cancel" name="test_regression_login[creds3]" time="0.321"><failure message="AssertionError: bar@digitalcodex.com -&gt; 401 {&quot;detail&quot;:&quot;Invalid credentials&quot;}&#10;assert 401 == 200&#10; +  where 401 = &lt;Response [401]&gt;.status_code">backend/tests/test_iter5_stock_and_cancel.py:330: in test_regression_login
    assert r.status_code == 200, f"{creds['email']} -&gt; {r.status_code} {r.text}"
E   AssertionError: bar@digitalcodex.com -&gt; 401 {"detail":"Invalid credentials"}
E   assert 401 == 200
E    +  where 401 = &lt;Response [401]&gt;.status_code</failure></testcase></testsuite></testsuites>