<?xml version="1.0" encoding="utf-8"?><testsuites name="pytest tests"><testsuite name="pytest" errors="0" failures="0" skipped="0" tests="3" time="3.461" timestamp="2026-08-24T18:07:15.760087+00:00" hostname="agent-env-30d82a8a-0aac-41b0-90a4-34d677af236e"><testcase classname="backend.tests.test_orders_waiter" name="test_auth_me_waiter_role" time="0.754" /><testcase classname="backend.tests.test_orders_waiter" name="test_create_order_auto_waiter_and_notes_and_service_fee" time="1.605" /><testcase classname="backend.tests.test_orders_waiter" name="test_regression_admin_login" time="1.049" /></testsuite></testsuites>