<?xml version="1.0" encoding="utf-8"?><testsuites name="pytest tests"><testsuite name="pytest" errors="0" failures="0" skipped="0" tests="10" time="2.927" timestamp="2026-06-02T10:48:25.040608+00:00" hostname="agent-env-30d82a8a-0aac-41b0-90a4-34d677af236e"><testcase classname="backend.tests.test_technical_sheets.TestTechnicalSheetsCRUD" name="test_list_sheets" time="0.570" /><testcase classname="backend.tests.test_technical_sheets.TestTechnicalSheetsCRUD" name="test_by_product_existing_sansao" time="0.311" /><testcase classname="backend.tests.test_technical_sheets.TestTechnicalSheetsCRUD" name="test_by_product_not_found_returns_404" time="0.097" /><testcase classname="backend.tests.test_technical_sheets.TestTechnicalSheetsCRUD" name="test_create_update_delete_flow" time="0.997" /><testcase classname="backend.tests.test_technical_sheets.TestTechnicalSheetsCRUD" name="test_create_requires_auth" time="0.101" /><testcase classname="backend.tests.test_technical_sheets.TestRegression" name="test_login_admin" time="0.323" /><testcase classname="backend.tests.test_technical_sheets.TestRegression" name="test_products_list" time="0.110" /><testcase classname="backend.tests.test_technical_sheets.TestRegression" name="test_tables_list" time="0.104" /><testcase classname="backend.tests.test_technical_sheets.TestRegression" name="test_orders_list" time="0.137" /><testcase classname="backend.tests.test_technical_sheets.TestRegression" name="test_stock_list" time="0.132" /></testsuite></testsuites>